Arguments: 
  /usr/local/Cellar/node/12.10.0/bin/node /usr/local/Cellar/yarn/1.13.0/libexec/bin/yarn.js add AWS

PATH: 
  /Users/rober/Library/Android/sdk/platform-tools:/usr/local/bin:/usr/bin:/bin:/usr/sbin:/sbin:/Library/Apple/usr/bin:/Library/Apple/bin:/Users/rober/Library/Android/sdk/platform-tools

Yarn version: 
  1.13.0

Node version: 
  12.10.0

Platform: 
  darwin x64

Trace: 
  Error: https://registry.yarnpkg.com/AWS: Not found
      at Request.params.callback [as _callback] (/usr/local/Cellar/yarn/1.13.0/libexec/lib/cli.js:66255:18)
      at Request.self.callback (/usr/local/Cellar/yarn/1.13.0/libexec/lib/cli.js:129397:22)
      at Request.emit (events.js:209:13)
      at Request.<anonymous> (/usr/local/Cellar/yarn/1.13.0/libexec/lib/cli.js:130369:10)
      at Request.emit (events.js:209:13)
      at IncomingMessage.<anonymous> (/usr/local/Cellar/yarn/1.13.0/libexec/lib/cli.js:130291:12)
      at Object.onceWrapper (events.js:298:28)
      at IncomingMessage.emit (events.js:214:15)
      at endReadableNT (_stream_readable.js:1178:12)
      at processTicksAndRejections (internal/process/task_queues.js:80:21)

npm manifest: 
  {
    "name": "sls-tests",
    "version": "1.0.0",
    "description": "",
    "main": "handler.js",
    "scripts": {
      "debug": "export SLS_DEBUG=* && node --inspect /usr/local/bin/serverless offline -s dev",
      "test": "echo \"Error: no test specified\" && exit 1"
    },
    "keywords": [],
    "author": "",
    "license": "ISC"
  }

yarn manifest: 
  No manifest

Lockfile: 
  No lockfile
